<?xml version="1.0" encoding="UTF-8"?>
<testng-results skipped="0" failed="0" ignored="0" total="1" passed="1">
  <reporter-output>
  </reporter-output>
  <suite name="Tests" duration-ms="24697" started-at="2019-02-11T09:38:17Z" finished-at="2019-02-11T09:38:42Z">
    <groups>
      <group name="cucumber">
        <method signature="AbstractTestNGCucumberTests.feature(cucumber.api.testng.CucumberFeatureWrapper)[pri:0, instance:ru.rgs.WebTests.bdd.OaTests@277f7dd3]" name="feature" class="cucumber.api.testng.AbstractTestNGCucumberTests"/>
      </group> <!-- cucumber -->
    </groups>
    <test name="test" duration-ms="24697" started-at="2019-02-11T09:38:17Z" finished-at="2019-02-11T09:38:42Z">
      <class name="ru.rgs.WebTests.bdd.OaTests">
        <test-method status="PASS" signature="setUpClass()[pri:0, instance:ru.rgs.WebTests.bdd.OaTests@277f7dd3]" name="setUpClass" is-config="true" duration-ms="348" started-at="2019-02-11T09:38:17Z" finished-at="2019-02-11T09:38:18Z">
          <reporter-output>
          </reporter-output>
        </test-method> <!-- setUpClass -->
        <test-method status="PASS" signature="feature(cucumber.api.testng.CucumberFeatureWrapper)[pri:0, instance:ru.rgs.WebTests.bdd.OaTests@277f7dd3]" name="feature" duration-ms="24058" started-at="2019-02-11T09:38:18Z" description="Runs Cucumber Feature" data-provider="features" finished-at="2019-02-11T09:38:42Z">
          <params>
            <param index="0">
              <value>
                <![CDATA[создание отчета агента]]>
              </value>
            </param>
          </params>
          <reporter-output>
          </reporter-output>
        </test-method> <!-- feature -->
        <test-method status="PASS" signature="tearDownClass()[pri:0, instance:ru.rgs.WebTests.bdd.OaTests@277f7dd3]" name="tearDownClass" is-config="true" duration-ms="10" started-at="2019-02-11T09:38:42Z" finished-at="2019-02-11T09:38:42Z">
          <reporter-output>
          </reporter-output>
        </test-method> <!-- tearDownClass -->
      </class> <!-- ru.rgs.WebTests.bdd.OaTests -->
    </test> <!-- test -->
  </suite> <!-- Tests -->
</testng-results>
